<?xml version="1.0" encoding="UTF-8"?>
<!-- Generated by org.testng.reporters.JUnitReportReporter -->
<testsuite skipped="0" hostname="DESKTOP-6RES1CR" name="org.test.Hotal" tests="1" failures="0" timestamp="06 Jun 2022 06:04:35 GMT" time="3.463" errors="0">
  <testcase name="test1" time="3.463" classname="org.test.Hotal"/>
</testsuite> <!-- org.test.Hotal -->
